<?xml version="1.0" encoding="UTF-8"?>
<testng-results skipped="0" failed="0" ignored="0" total="1" passed="1">
  <reporter-output>
  </reporter-output>
  <suite name="Suite" duration-ms="10882" started-at="2018-02-24T19:50:44Z" finished-at="2018-02-24T19:50:55Z">
    <groups>
    </groups>
    <test name="Test" duration-ms="10882" started-at="2018-02-24T19:50:44Z" finished-at="2018-02-24T19:50:55Z">
      <class name="TestPackage.NewTest">
        <test-method status="PASS" signature="beforeTest()[pri:0, instance:TestPackage.NewTest@6be46e8f]" name="beforeTest" is-config="true" duration-ms="7946" started-at="2018-02-24T19:50:44Z" finished-at="2018-02-24T19:50:52Z">
          <reporter-output>
          </reporter-output>
        </test-method> <!-- beforeTest -->
        <test-method status="PASS" signature="f()[pri:0, instance:TestPackage.NewTest@6be46e8f]" name="f" duration-ms="1667" started-at="2018-02-24T19:50:52Z" finished-at="2018-02-24T19:50:53Z">
          <reporter-output>
          </reporter-output>
        </test-method> <!-- f -->
        <test-method status="PASS" signature="afterTest()[pri:0, instance:TestPackage.NewTest@6be46e8f]" name="afterTest" is-config="true" duration-ms="1248" started-at="2018-02-24T19:50:53Z" finished-at="2018-02-24T19:50:55Z">
          <reporter-output>
          </reporter-output>
        </test-method> <!-- afterTest -->
      </class> <!-- TestPackage.NewTest -->
    </test> <!-- Test -->
  </suite> <!-- Suite -->
</testng-results>
